# JRE version: Java(TM) SE Runtime Environment (8.0_111-b14) (build 1.8.0_111-b14)
# Java VM: Java HotSpot(TM) 64-Bit Server VM (25.111-b14 mixed mode windows-amd64 compressed oops)
Heap:
 PSYoungGen      total 266752K, used 105025K [0x00000000d8380000, 0x00000000ea380000, 0x0000000100000000)
  eden space 247808K, 34% used [0x00000000d8380000,0x00000000dd791658,0x00000000e7580000)
  from space 18944K, 99% used [0x00000000e8e00000,0x00000000ea07eed0,0x00000000ea080000)
  to   space 23552K, 0% used [0x00000000e7580000,0x00000000e7580000,0x00000000e8c80000)
 ParOldGen       total 60928K, used 33244K [0x0000000088a00000, 0x000000008c580000, 0x00000000d8380000)
  object space 60928K, 54% used [0x0000000088a00000,0x000000008aa771e0,0x000000008c580000)
 Metaspace       used 42826K, capacity 44952K, committed 45016K, reserved 1089536K
  class space    used 5478K, capacity 5888K, committed 5888K, reserved 1048576K
GC Heap History (10 events):
Event: 11.633 GC heap before
{Heap before GC invocations=8 (full 1):
 PSYoungGen      total 111616K, used 111199K [0x00000000d8380000, 0x00000000e0a80000, 0x0000000100000000)
  eden space 104960K, 100% used [0x00000000d8380000,0x00000000dea00000,0x00000000dea00000)
  from space 6656K, 93% used [0x00000000e0400000,0x00000000e0a17d20,0x00000000e0a80000)
  to   space 8192K, 0% used [0x00000000dfa80000,0x00000000dfa80000,0x00000000e0280000)
 ParOldGen       total 48640K, used 7037K [0x0000000088a00000, 0x000000008b980000, 0x00000000d8380000)
  object space 48640K, 14% used [0x0000000088a00000,0x00000000890df560,0x000000008b980000)
 Metaspace       used 33693K, capacity 35176K, committed 35416K, reserved 1079296K
  class space    used 4353K, capacity 4642K, committed 4736K, reserved 1048576K
Event: 11.650 GC heap after
Heap after GC invocations=8 (full 1):
 PSYoungGen      total 130048K, used 8183K [0x00000000d8380000, 0x00000000e4380000, 0x0000000100000000)
  eden space 121856K, 0% used [0x00000000d8380000,0x00000000d8380000,0x00000000dfa80000)
  from space 8192K, 99% used [0x00000000dfa80000,0x00000000e027dcc0,0x00000000e0280000)
  to   space 11264K, 0% used [0x00000000e3880000,0x00000000e3880000,0x00000000e4380000)
 ParOldGen       total 48640K, used 11087K [0x0000000088a00000, 0x000000008b980000, 0x00000000d8380000)
  object space 48640K, 22% used [0x0000000088a00000,0x00000000894d3c10,0x000000008b980000)
 Metaspace       used 33693K, capacity 35176K, committed 35416K, reserved 1079296K
  class space    used 4353K, capacity 4642K, committed 4736K, reserved 1048576K
}
Event: 11.698 GC heap before
{Heap before GC invocations=9 (full 1):
 PSYoungGen      total 130048K, used 12767K [0x00000000d8380000, 0x00000000e4380000, 0x0000000100000000)
  eden space 121856K, 3% used [0x00000000d8380000,0x00000000d87fa210,0x00000000dfa80000)
  from space 8192K, 99% used [0x00000000dfa80000,0x00000000e027dcc0,0x00000000e0280000)
  to   space 11264K, 0% used [0x00000000e3880000,0x00000000e3880000,0x00000000e4380000)
 ParOldGen       total 48640K, used 11087K [0x0000000088a00000, 0x000000008b980000, 0x00000000d8380000)
  object space 48640K, 22% used [0x0000000088a00000,0x00000000894d3c10,0x000000008b980000)
 Metaspace       used 33865K, capacity 35336K, committed 35416K, reserved 1079296K
  class space    used 4380K, capacity 4674K, committed 4736K, reserved 1048576K
Event: 11.706 GC heap after
Heap after GC invocations=9 (full 1):
 PSYoungGen      total 185856K, used 5832K [0x00000000d8380000, 0x00000000e7100000, 0x0000000100000000)
  eden space 174592K, 0% used [0x00000000d8380000,0x00000000d8380000,0x00000000e2e00000)
  from space 11264K, 51% used [0x00000000e3880000,0x00000000e3e323d8,0x00000000e4380000)
  to   space 10752K, 0% used [0x00000000e2e00000,0x00000000e2e00000,0x00000000e3880000)
 ParOldGen       total 48640K, used 11087K [0x0000000088a00000, 0x000000008b980000, 0x00000000d8380000)
  object space 48640K, 22% used [0x0000000088a00000,0x00000000894d3c10,0x000000008b980000)
 Metaspace       used 33865K, capacity 35336K, committed 35416K, reserved 1079296K
  class space    used 4380K, capacity 4674K, committed 4736K, reserved 1048576K
}
Event: 11.706 GC heap before
{Heap before GC invocations=10 (full 2):
 PSYoungGen      total 185856K, used 5832K [0x00000000d8380000, 0x00000000e7100000, 0x0000000100000000)
  eden space 174592K, 0% used [0x00000000d8380000,0x00000000d8380000,0x00000000e2e00000)
  from space 11264K, 51% used [0x00000000e3880000,0x00000000e3e323d8,0x00000000e4380000)
  to   space 10752K, 0% used [0x00000000e2e00000,0x00000000e2e00000,0x00000000e3880000)
 ParOldGen       total 48640K, used 11087K [0x0000000088a00000, 0x000000008b980000, 0x00000000d8380000)
  object space 48640K, 22% used [0x0000000088a00000,0x00000000894d3c10,0x000000008b980000)
 Metaspace       used 33865K, capacity 35336K, committed 35416K, reserved 1079296K
  class space    used 4380K, capacity 4674K, committed 4736K, reserved 1048576K
Event: 11.800 GC heap after
Heap after GC invocations=10 (full 2):
 PSYoungGen      total 185856K, used 0K [0x00000000d8380000, 0x00000000e7100000, 0x0000000100000000)
  eden space 174592K, 0% used [0x00000000d8380000,0x00000000d8380000,0x00000000e2e00000)
  from space 11264K, 0% used [0x00000000e3880000,0x00000000e3880000,0x00000000e4380000)
  to   space 10752K, 0% used [0x00000000e2e00000,0x00000000e2e00000,0x00000000e3880000)
 ParOldGen       total 60928K, used 10556K [0x0000000088a00000, 0x000000008c580000, 0x00000000d8380000)
  object space 60928K, 17% used [0x0000000088a00000,0x000000008944f180,0x000000008c580000)
 Metaspace       used 33865K, capacity 35336K, committed 35416K, reserved 1079296K
  class space    used 4380K, capacity 4674K, committed 4736K, reserved 1048576K
}
Event: 665.901 GC heap before
{Heap before GC invocations=11 (full 2):
 PSYoungGen      total 185856K, used 174592K [0x00000000d8380000, 0x00000000e7100000, 0x0000000100000000)
  eden space 174592K, 100% used [0x00000000d8380000,0x00000000e2e00000,0x00000000e2e00000)
  from space 11264K, 0% used [0x00000000e3880000,0x00000000e3880000,0x00000000e4380000)
  to   space 10752K, 0% used [0x00000000e2e00000,0x00000000e2e00000,0x00000000e3880000)
 ParOldGen       total 60928K, used 10556K [0x0000000088a00000, 0x000000008c580000, 0x00000000d8380000)
  object space 60928K, 17% used [0x0000000088a00000,0x000000008944f180,0x000000008c580000)
 Metaspace       used 41879K, capacity 44024K, committed 44248K, reserved 1087488K
  class space    used 5475K, capacity 5856K, committed 5888K, reserved 1048576K
Event: 666.046 GC heap after
Heap after GC invocations=11 (full 2):
 PSYoungGen      total 185344K, used 10745K [0x00000000d8380000, 0x00000000ea080000, 0x0000000100000000)
  eden space 174592K, 0% used [0x00000000d8380000,0x00000000d8380000,0x00000000e2e00000)
  from space 10752K, 99% used [0x00000000e2e00000,0x00000000e387e470,0x00000000e3880000)
  to   space 18944K, 0% used [0x00000000e8e00000,0x00000000e8e00000,0x00000000ea080000)
 ParOldGen       total 60928K, used 27451K [0x0000000088a00000, 0x000000008c580000, 0x00000000d8380000)
  object space 60928K, 45% used [0x0000000088a00000,0x000000008a4cefe0,0x000000008c580000)
 Metaspace       used 41879K, capacity 44024K, committed 44248K, reserved 1087488K
  class space    used 5475K, capacity 5856K, committed 5888K, reserved 1048576K
}
Event: 709.089 GC heap before
{Heap before GC invocations=12 (full 2):
 PSYoungGen      total 185344K, used 185337K [0x00000000d8380000, 0x00000000ea080000, 0x0000000100000000)
  eden space 174592K, 100% used [0x00000000d8380000,0x00000000e2e00000,0x00000000e2e00000)
  from space 10752K, 99% used [0x00000000e2e00000,0x00000000e387e470,0x00000000e3880000)
  to   space 18944K, 0% used [0x00000000e8e00000,0x00000000e8e00000,0x00000000ea080000)
 ParOldGen       total 60928K, used 27451K [0x0000000088a00000, 0x000000008c580000, 0x00000000d8380000)
  object space 60928K, 45% used [0x0000000088a00000,0x000000008a4cefe0,0x000000008c580000)
 Metaspace       used 42826K, capacity 44952K, committed 45016K, reserved 1089536K
  class space    used 5478K, capacity 5888K, committed 5888K, reserved 1048576K
Event: 709.129 GC heap after
Heap after GC invocations=12 (full 2):
 PSYoungGen      total 266752K, used 18939K [0x00000000d8380000, 0x00000000ea380000, 0x0000000100000000)
  eden space 247808K, 0% used [0x00000000d8380000,0x00000000d8380000,0x00000000e7580000)
  from space 18944K, 99% used [0x00000000e8e00000,0x00000000ea07eed0,0x00000000ea080000)
  to   space 23552K, 0% used [0x00000000e7580000,0x00000000e7580000,0x00000000e8c80000)
 ParOldGen       total 60928K, used 33244K [0x0000000088a00000, 0x000000008c580000, 0x00000000d8380000)
  object space 60928K, 54% used [0x0000000088a00000,0x000000008aa771e0,0x000000008c580000)
 Metaspace       used 42826K, capacity 44952K, committed 45016K, reserved 1089536K
  class space    used 5478K, capacity 5888K, committed 5888K, reserved 1048576K
}

